<?xml version="1.0" encoding="UTF-8"?>
<!-- Generated by org.testng.reporters.JUnitReportReporter -->
<testsuite hostname="DESKTOP-F9GMD4U" failures="0" tests="3" name="Academy.Homepage" time="0.024" errors="1" timestamp="2020-04-23T17:16:23 IST" skipped="2">
  <testcase classname="Academy.Homepage" name="basePageNavigation" time="0.000">
    <skipped/>
  </testcase> <!-- basePageNavigation -->
  <system-out/>
  <testcase classname="Academy.Homepage" name="basePageNavigation" time="0.000">
    <skipped/>
  </testcase> <!-- basePageNavigation -->
  <system-out/>
  <testcase classname="Academy.Homepage" name="openbrowser" time="0.024">
    <error type="java.lang.NullPointerException">
      <![CDATA[java.lang.NullPointerException
at resources.Base.IntializeBrowser(Base.java:49)
at Academy.Homepage.openbrowser(Homepage.java:18)
at java.base/jdk.internal.reflect.NativeMethodAccessorImpl.invoke0(Native Method)
at java.base/jdk.internal.reflect.NativeMethodAccessorImpl.invoke(NativeMethodAccessorImpl.java:62)
at java.base/jdk.internal.reflect.DelegatingMethodAccessorImpl.invoke(DelegatingMethodAccessorImpl.java:43)
at java.base/java.lang.reflect.Method.invoke(Method.java:566)
at org.testng.internal.MethodInvocationHelper.invokeMethod(MethodInvocationHelper.java:134)
at org.testng.internal.MethodInvocationHelper.invokeMethodConsideringTimeout(MethodInvocationHelper.java:63)
at org.testng.internal.ConfigInvoker.invokeConfigurationMethod(ConfigInvoker.java:348)
at org.testng.internal.ConfigInvoker.invokeConfigurations(ConfigInvoker.java:302)
at org.testng.TestRunner.invokeTestConfigurations(TestRunner.java:619)
at org.testng.TestRunner.beforeRun(TestRunner.java:609)
at org.testng.TestRunner.run(TestRunner.java:580)
at org.testng.SuiteRunner.runTest(SuiteRunner.java:384)
at org.testng.SuiteRunner.runSequentially(SuiteRunner.java:378)
at org.testng.SuiteRunner.privateRun(SuiteRunner.java:337)
at org.testng.SuiteRunner.run(SuiteRunner.java:286)
at org.testng.SuiteRunnerWorker.runSuite(SuiteRunnerWorker.java:53)
at org.testng.SuiteRunnerWorker.run(SuiteRunnerWorker.java:96)
at org.testng.TestNG.runSuitesSequentially(TestNG.java:1187)
at org.testng.TestNG.runSuitesLocally(TestNG.java:1109)
at org.testng.TestNG.runSuites(TestNG.java:1039)
at org.testng.TestNG.run(TestNG.java:1007)
at org.apache.maven.surefire.testng.TestNGExecutor.run(TestNGExecutor.java:283)
at org.apache.maven.surefire.testng.TestNGXmlTestSuite.execute(TestNGXmlTestSuite.java:75)
at org.apache.maven.surefire.testng.TestNGProvider.invoke(TestNGProvider.java:120)
at org.apache.maven.surefire.booter.ForkedBooter.runSuitesInProcess(ForkedBooter.java:377)
at org.apache.maven.surefire.booter.ForkedBooter.execute(ForkedBooter.java:138)
at org.apache.maven.surefire.booter.ForkedBooter.run(ForkedBooter.java:465)
at org.apache.maven.surefire.booter.ForkedBooter.main(ForkedBooter.java:451)
]]>
    </error>
  </testcase> <!-- openbrowser -->
  <system-out/>
</testsuite> <!-- Academy.Homepage -->
